[2025-04-30 08:33:56Z INFO HostContext] No proxy settings were found based on environmental variables (http_proxy/https_proxy/HTTP_PROXY/HTTPS_PROXY)
[2025-04-30 08:33:56Z INFO HostContext] Well known directory 'Bin': '/Users/in46038695/Desktop/demo/actions-runner/bin'
[2025-04-30 08:33:56Z INFO HostContext] Well known directory 'Root': '/Users/in46038695/Desktop/demo/actions-runner'
[2025-04-30 08:33:56Z INFO HostContext] Well known config file 'Credentials': '/Users/in46038695/Desktop/demo/actions-runner/.credentials'
[2025-04-30 08:33:56Z INFO HostContext] Well known directory 'Bin': '/Users/in46038695/Desktop/demo/actions-runner/bin'
[2025-04-30 08:33:56Z INFO HostContext] Well known directory 'Root': '/Users/in46038695/Desktop/demo/actions-runner'
[2025-04-30 08:33:56Z INFO HostContext] Well known config file 'Runner': '/Users/in46038695/Desktop/demo/actions-runner/.runner'
[2025-04-30 08:33:56Z INFO Listener] Runner is built for OSX (X64) - osx-x64.
[2025-04-30 08:33:56Z INFO Listener] RuntimeInformation: Darwin 24.4.0 Darwin Kernel Version 24.4.0: Fri Apr 11 18:32:50 PDT 2025; root:xnu-11417.101.15~117/RELEASE_ARM64_T6041.
[2025-04-30 08:33:56Z INFO Listener] Version: 2.323.0
[2025-04-30 08:33:56Z INFO Listener] Commit: d8b82f44a9ec0258904d5869ae683c31d5aac299
[2025-04-30 08:33:56Z INFO Listener] Culture: en-IN
[2025-04-30 08:33:56Z INFO Listener] UI Culture: en-IN
[2025-04-30 08:33:56Z INFO HostContext] Well known directory 'Bin': '/Users/in46038695/Desktop/demo/actions-runner/bin'
[2025-04-30 08:33:56Z INFO HostContext] Well known directory 'Root': '/Users/in46038695/Desktop/demo/actions-runner'
[2025-04-30 08:33:56Z INFO Listener] Validating directory permissions for: '/Users/in46038695/Desktop/demo/actions-runner'
[2025-04-30 08:33:56Z INFO CommandLineParser] Parse
[2025-04-30 08:33:56Z INFO CommandLineParser] Parsing 1 args
[2025-04-30 08:33:56Z INFO CommandLineParser] parsing argument
[2025-04-30 08:33:56Z INFO CommandLineParser] HasArgs: False
[2025-04-30 08:33:56Z INFO CommandLineParser] Adding Command: run
[2025-04-30 08:33:56Z INFO Listener] Arguments parsed
[2025-04-30 08:33:56Z INFO Runner] ExecuteCommand
[2025-04-30 08:33:56Z INFO ConfigurationStore] currentAssemblyLocation: /Users/in46038695/Desktop/demo/actions-runner/bin/Runner.Listener.dll
[2025-04-30 08:33:56Z INFO HostContext] Well known directory 'Bin': '/Users/in46038695/Desktop/demo/actions-runner/bin'
[2025-04-30 08:33:56Z INFO ConfigurationStore] binPath: /Users/in46038695/Desktop/demo/actions-runner/bin
[2025-04-30 08:33:56Z INFO HostContext] Well known directory 'Bin': '/Users/in46038695/Desktop/demo/actions-runner/bin'
[2025-04-30 08:33:56Z INFO HostContext] Well known directory 'Root': '/Users/in46038695/Desktop/demo/actions-runner'
[2025-04-30 08:33:56Z INFO ConfigurationStore] RootFolder: /Users/in46038695/Desktop/demo/actions-runner
[2025-04-30 08:33:56Z INFO HostContext] Well known directory 'Bin': '/Users/in46038695/Desktop/demo/actions-runner/bin'
[2025-04-30 08:33:56Z INFO HostContext] Well known directory 'Root': '/Users/in46038695/Desktop/demo/actions-runner'
[2025-04-30 08:33:56Z INFO HostContext] Well known config file 'Runner': '/Users/in46038695/Desktop/demo/actions-runner/.runner'
[2025-04-30 08:33:56Z INFO ConfigurationStore] ConfigFilePath: /Users/in46038695/Desktop/demo/actions-runner/.runner
[2025-04-30 08:33:56Z INFO HostContext] Well known directory 'Bin': '/Users/in46038695/Desktop/demo/actions-runner/bin'
[2025-04-30 08:33:56Z INFO HostContext] Well known directory 'Root': '/Users/in46038695/Desktop/demo/actions-runner'
[2025-04-30 08:33:56Z INFO HostContext] Well known config file 'MigratedRunner': '/Users/in46038695/Desktop/demo/actions-runner/.runner_migrated'
[2025-04-30 08:33:56Z INFO ConfigurationStore] MigratedConfigFilePath: /Users/in46038695/Desktop/demo/actions-runner/.runner_migrated
[2025-04-30 08:33:56Z INFO HostContext] Well known directory 'Bin': '/Users/in46038695/Desktop/demo/actions-runner/bin'
[2025-04-30 08:33:56Z INFO HostContext] Well known directory 'Root': '/Users/in46038695/Desktop/demo/actions-runner'
[2025-04-30 08:33:56Z INFO HostContext] Well known config file 'Credentials': '/Users/in46038695/Desktop/demo/actions-runner/.credentials'
[2025-04-30 08:33:56Z INFO ConfigurationStore] CredFilePath: /Users/in46038695/Desktop/demo/actions-runner/.credentials
[2025-04-30 08:33:56Z INFO HostContext] Well known directory 'Bin': '/Users/in46038695/Desktop/demo/actions-runner/bin'
[2025-04-30 08:33:56Z INFO HostContext] Well known directory 'Root': '/Users/in46038695/Desktop/demo/actions-runner'
[2025-04-30 08:33:56Z INFO HostContext] Well known config file 'MigratedCredentials': '/Users/in46038695/Desktop/demo/actions-runner/.credentials_migrated'
[2025-04-30 08:33:56Z INFO ConfigurationStore] MigratedCredFilePath: /Users/in46038695/Desktop/demo/actions-runner/.credentials_migrated
[2025-04-30 08:33:56Z INFO HostContext] Well known directory 'Bin': '/Users/in46038695/Desktop/demo/actions-runner/bin'
[2025-04-30 08:33:56Z INFO HostContext] Well known directory 'Root': '/Users/in46038695/Desktop/demo/actions-runner'
[2025-04-30 08:33:56Z INFO HostContext] Well known config file 'Service': '/Users/in46038695/Desktop/demo/actions-runner/.service'
[2025-04-30 08:33:56Z INFO ConfigurationStore] ServiceConfigFilePath: /Users/in46038695/Desktop/demo/actions-runner/.service
[2025-04-30 08:33:56Z INFO CommandSettings] Flag 'help': 'False'
[2025-04-30 08:33:56Z INFO CommandSettings] Flag 'version': 'False'
[2025-04-30 08:33:56Z INFO CommandSettings] Flag 'commit': 'False'
[2025-04-30 08:33:56Z INFO CommandSettings] Flag 'check': 'False'
[2025-04-30 08:33:56Z INFO CommandSettings] Command 'configure': 'False'
[2025-04-30 08:33:56Z INFO CommandSettings] Command 'remove': 'False'
[2025-04-30 08:33:56Z INFO CommandSettings] Command 'warmup': 'False'
[2025-04-30 08:33:56Z INFO ConfigurationManager] LoadSettings
[2025-04-30 08:33:56Z INFO ConfigurationStore] IsConfigured()
[2025-04-30 08:33:56Z INFO ConfigurationStore] IsConfigured: True
[2025-04-30 08:33:56Z INFO ConfigurationManager] Is configured: True
[2025-04-30 08:33:56Z INFO ConfigurationStore] Read setting file: 327 chars
[2025-04-30 08:33:56Z INFO ConfigurationManager] Settings Loaded
[2025-04-30 08:33:56Z INFO ConfigurationStore] IsServiceConfigured()
[2025-04-30 08:33:56Z INFO ConfigurationStore] IsServiceConfigured: False
[2025-04-30 08:33:56Z INFO CommandSettings] Command 'run': 'True'
[2025-04-30 08:33:56Z INFO ConfigurationStore] IsConfigured()
[2025-04-30 08:33:56Z INFO ConfigurationStore] IsConfigured: True
[2025-04-30 08:33:56Z INFO ConfigurationManager] Is configured: True
[2025-04-30 08:33:56Z INFO Runner] Could not parse the argument value '' for StartupType. Defaulting to Manual
[2025-04-30 08:33:56Z INFO Runner] Set runner startup type - Manual
[2025-04-30 08:33:56Z INFO CommandSettings] Flag 'once': 'False'
[2025-04-30 08:33:56Z INFO CommandSettings] Flag 'once': 'False'
[2025-04-30 08:33:56Z INFO Runner] RunAsync
[2025-04-30 08:33:56Z INFO ConfigurationManager] LoadSettings
[2025-04-30 08:33:56Z INFO ConfigurationStore] IsConfigured()
[2025-04-30 08:33:56Z INFO ConfigurationStore] IsConfigured: True
[2025-04-30 08:33:56Z INFO ConfigurationManager] Is configured: True
[2025-04-30 08:33:56Z INFO ConfigurationManager] Settings Loaded
[2025-04-30 08:33:56Z INFO MessageListener] {
  "AgentId": 2,
  "AgentName": "CICDPipeLineRunner",
  "PoolId": 1,
  "PoolName": "Default",
  "ServerUrl": "https://pipelinesghubeus6.actions.githubusercontent.com/yMfmGlvK49gBzvjTNqRfMZxyqsb0mfmaEF7bF78CHfIYafsAdg/",
  "GitHubUrl": "https://github.com/OmkarSharan/springboot_CICD_pipeline",
  "WorkFolder": "cicdWorkFlow"
}
[2025-04-30 08:33:56Z INFO MessageListener] Loading Credentials
[2025-04-30 08:33:56Z INFO ConfigurationStore] HasCredentials()
[2025-04-30 08:33:56Z INFO ConfigurationStore] stored True
[2025-04-30 08:33:56Z INFO CredentialManager] GetCredentialProvider
[2025-04-30 08:33:56Z INFO CredentialManager] Creating type OAuth
[2025-04-30 08:33:56Z INFO CredentialManager] Creating credential type: OAuth
[2025-04-30 08:33:56Z INFO HostContext] Well known directory 'Bin': '/Users/in46038695/Desktop/demo/actions-runner/bin'
[2025-04-30 08:33:56Z INFO HostContext] Well known directory 'Root': '/Users/in46038695/Desktop/demo/actions-runner'
[2025-04-30 08:33:56Z INFO HostContext] Well known config file 'RSACredentials': '/Users/in46038695/Desktop/demo/actions-runner/.credentials_rsaparams'
[2025-04-30 08:33:56Z INFO RSAFileKeyManager] Loading RSA key parameters from file /Users/in46038695/Desktop/demo/actions-runner/.credentials_rsaparams
[2025-04-30 08:33:56Z INFO MessageListener] Attempt to create session.
[2025-04-30 08:33:56Z INFO MessageListener] Connecting to the Runner Server...
[2025-04-30 08:33:56Z INFO RunnerServer] EstablishVssConnection
[2025-04-30 08:33:56Z INFO RunnerServer] Establish connection with 100 seconds timeout.
[2025-04-30 08:33:56Z INFO GitHubActionsService] Starting operation Location.GetConnectionData
[2025-04-30 08:33:56Z INFO RunnerServer] EstablishVssConnection
[2025-04-30 08:33:56Z INFO RunnerServer] Establish connection with 60 seconds timeout.
[2025-04-30 08:33:56Z INFO GitHubActionsService] Starting operation Location.GetConnectionData
[2025-04-30 08:33:56Z INFO RunnerServer] EstablishVssConnection
[2025-04-30 08:33:56Z INFO RunnerServer] Establish connection with 60 seconds timeout.
[2025-04-30 08:33:56Z INFO GitHubActionsService] Starting operation Location.GetConnectionData
[2025-04-30 08:33:57Z INFO GitHubActionsService] Finished operation Location.GetConnectionData
[2025-04-30 08:33:57Z INFO GitHubActionsService] Finished operation Location.GetConnectionData
[2025-04-30 08:33:57Z INFO GitHubActionsService] Finished operation Location.GetConnectionData
[2025-04-30 08:33:58Z INFO MessageListener] VssConnection created
[2025-04-30 08:33:58Z INFO Terminal] WRITE LINE: 
[2025-04-30 08:33:58Z INFO Terminal] WRITE LINE: 
[2025-04-30 08:33:58Z INFO RSAFileKeyManager] Loading RSA key parameters from file /Users/in46038695/Desktop/demo/actions-runner/.credentials_rsaparams
[2025-04-30 08:33:58Z INFO RSAFileKeyManager] Loading RSA key parameters from file /Users/in46038695/Desktop/demo/actions-runner/.credentials_rsaparams
[2025-04-30 08:33:59Z INFO GitHubActionsService] AAD Correlation ID for this token request: Unknown
[2025-04-30 08:33:59Z INFO MessageListener] Session created.
[2025-04-30 08:33:59Z INFO Terminal] WRITE LINE: Current runner version: '2.323.0'
[2025-04-30 08:33:59Z INFO Terminal] WRITE LINE: 2025-04-30 08:33:59Z: Listening for Jobs
[2025-04-30 08:34:00Z INFO JobDispatcher] Set runner/worker IPC timeout to 30 seconds.
[2025-04-30 08:34:00Z INFO RSAFileKeyManager] Loading RSA key parameters from file /Users/in46038695/Desktop/demo/actions-runner/.credentials_rsaparams
[2025-04-30 08:34:01Z INFO GitHubActionsService] AAD Correlation ID for this token request: Unknown
