[2025-04-30 08:30:56Z INFO HostContext] No proxy settings were found based on environmental variables (http_proxy/https_proxy/HTTP_PROXY/HTTPS_PROXY)
[2025-04-30 08:30:56Z INFO HostContext] Well known directory 'Bin': '/Users/in46038695/Desktop/demo/actions-runner/bin'
[2025-04-30 08:30:56Z INFO HostContext] Well known directory 'Root': '/Users/in46038695/Desktop/demo/actions-runner'
[2025-04-30 08:30:56Z INFO HostContext] Well known config file 'Credentials': '/Users/in46038695/Desktop/demo/actions-runner/.credentials'
[2025-04-30 08:30:56Z INFO HostContext] Well known directory 'Bin': '/Users/in46038695/Desktop/demo/actions-runner/bin'
[2025-04-30 08:30:56Z INFO HostContext] Well known directory 'Root': '/Users/in46038695/Desktop/demo/actions-runner'
[2025-04-30 08:30:56Z INFO HostContext] Well known config file 'Runner': '/Users/in46038695/Desktop/demo/actions-runner/.runner'
[2025-04-30 08:30:56Z INFO Listener] Runner is built for OSX (X64) - osx-x64.
[2025-04-30 08:30:56Z INFO Listener] RuntimeInformation: Darwin 24.4.0 Darwin Kernel Version 24.4.0: Fri Apr 11 18:32:50 PDT 2025; root:xnu-11417.101.15~117/RELEASE_ARM64_T6041.
[2025-04-30 08:30:57Z INFO Listener] Version: 2.323.0
[2025-04-30 08:30:57Z INFO Listener] Commit: d8b82f44a9ec0258904d5869ae683c31d5aac299
[2025-04-30 08:30:57Z INFO Listener] Culture: en-IN
[2025-04-30 08:30:57Z INFO Listener] UI Culture: en-IN
[2025-04-30 08:30:57Z INFO HostContext] Well known directory 'Bin': '/Users/in46038695/Desktop/demo/actions-runner/bin'
[2025-04-30 08:30:57Z INFO HostContext] Well known directory 'Root': '/Users/in46038695/Desktop/demo/actions-runner'
[2025-04-30 08:30:57Z INFO Listener] Validating directory permissions for: '/Users/in46038695/Desktop/demo/actions-runner'
[2025-04-30 08:30:57Z INFO CommandLineParser] Parse
[2025-04-30 08:30:57Z INFO CommandLineParser] Parsing 5 args
[2025-04-30 08:30:57Z INFO CommandLineParser] parsing argument
[2025-04-30 08:30:57Z INFO CommandLineParser] HasArgs: False
[2025-04-30 08:30:57Z INFO CommandLineParser] Adding Command: configure
[2025-04-30 08:30:57Z INFO CommandLineParser] parsing argument
[2025-04-30 08:30:57Z INFO CommandLineParser] HasArgs: True
[2025-04-30 08:30:57Z INFO CommandLineParser] arg: url
[2025-04-30 08:30:57Z INFO CommandLineParser] parsing argument
[2025-04-30 08:30:57Z INFO CommandLineParser] HasArgs: True
[2025-04-30 08:30:57Z INFO CommandLineParser] Adding option 'url': 'https://github.com/OmkarSharan/springboot_CICD_pipeline'
[2025-04-30 08:30:57Z INFO CommandLineParser] parsing argument
[2025-04-30 08:30:57Z INFO CommandLineParser] HasArgs: True
[2025-04-30 08:30:57Z INFO CommandLineParser] arg: token
[2025-04-30 08:30:57Z INFO CommandLineParser] parsing argument
[2025-04-30 08:30:57Z INFO CommandLineParser] HasArgs: True
[2025-04-30 08:30:57Z INFO CommandLineParser] Adding option 'token': '***'
[2025-04-30 08:30:57Z INFO Listener] Arguments parsed
[2025-04-30 08:30:57Z INFO Runner] ExecuteCommand
[2025-04-30 08:30:57Z INFO ConfigurationStore] currentAssemblyLocation: /Users/in46038695/Desktop/demo/actions-runner/bin/Runner.Listener.dll
[2025-04-30 08:30:57Z INFO HostContext] Well known directory 'Bin': '/Users/in46038695/Desktop/demo/actions-runner/bin'
[2025-04-30 08:30:57Z INFO ConfigurationStore] binPath: /Users/in46038695/Desktop/demo/actions-runner/bin
[2025-04-30 08:30:57Z INFO HostContext] Well known directory 'Bin': '/Users/in46038695/Desktop/demo/actions-runner/bin'
[2025-04-30 08:30:57Z INFO HostContext] Well known directory 'Root': '/Users/in46038695/Desktop/demo/actions-runner'
[2025-04-30 08:30:57Z INFO ConfigurationStore] RootFolder: /Users/in46038695/Desktop/demo/actions-runner
[2025-04-30 08:30:57Z INFO HostContext] Well known directory 'Bin': '/Users/in46038695/Desktop/demo/actions-runner/bin'
[2025-04-30 08:30:57Z INFO HostContext] Well known directory 'Root': '/Users/in46038695/Desktop/demo/actions-runner'
[2025-04-30 08:30:57Z INFO HostContext] Well known config file 'Runner': '/Users/in46038695/Desktop/demo/actions-runner/.runner'
[2025-04-30 08:30:57Z INFO ConfigurationStore] ConfigFilePath: /Users/in46038695/Desktop/demo/actions-runner/.runner
[2025-04-30 08:30:57Z INFO HostContext] Well known directory 'Bin': '/Users/in46038695/Desktop/demo/actions-runner/bin'
[2025-04-30 08:30:57Z INFO HostContext] Well known directory 'Root': '/Users/in46038695/Desktop/demo/actions-runner'
[2025-04-30 08:30:57Z INFO HostContext] Well known config file 'MigratedRunner': '/Users/in46038695/Desktop/demo/actions-runner/.runner_migrated'
[2025-04-30 08:30:57Z INFO ConfigurationStore] MigratedConfigFilePath: /Users/in46038695/Desktop/demo/actions-runner/.runner_migrated
[2025-04-30 08:30:57Z INFO HostContext] Well known directory 'Bin': '/Users/in46038695/Desktop/demo/actions-runner/bin'
[2025-04-30 08:30:57Z INFO HostContext] Well known directory 'Root': '/Users/in46038695/Desktop/demo/actions-runner'
[2025-04-30 08:30:57Z INFO HostContext] Well known config file 'Credentials': '/Users/in46038695/Desktop/demo/actions-runner/.credentials'
[2025-04-30 08:30:57Z INFO ConfigurationStore] CredFilePath: /Users/in46038695/Desktop/demo/actions-runner/.credentials
[2025-04-30 08:30:57Z INFO HostContext] Well known directory 'Bin': '/Users/in46038695/Desktop/demo/actions-runner/bin'
[2025-04-30 08:30:57Z INFO HostContext] Well known directory 'Root': '/Users/in46038695/Desktop/demo/actions-runner'
[2025-04-30 08:30:57Z INFO HostContext] Well known config file 'MigratedCredentials': '/Users/in46038695/Desktop/demo/actions-runner/.credentials_migrated'
[2025-04-30 08:30:57Z INFO ConfigurationStore] MigratedCredFilePath: /Users/in46038695/Desktop/demo/actions-runner/.credentials_migrated
[2025-04-30 08:30:57Z INFO HostContext] Well known directory 'Bin': '/Users/in46038695/Desktop/demo/actions-runner/bin'
[2025-04-30 08:30:57Z INFO HostContext] Well known directory 'Root': '/Users/in46038695/Desktop/demo/actions-runner'
[2025-04-30 08:30:57Z INFO HostContext] Well known config file 'Service': '/Users/in46038695/Desktop/demo/actions-runner/.service'
[2025-04-30 08:30:57Z INFO ConfigurationStore] ServiceConfigFilePath: /Users/in46038695/Desktop/demo/actions-runner/.service
[2025-04-30 08:30:57Z INFO CommandSettings] Flag 'help': 'False'
[2025-04-30 08:30:57Z INFO CommandSettings] Flag 'version': 'False'
[2025-04-30 08:30:57Z INFO CommandSettings] Flag 'commit': 'False'
[2025-04-30 08:30:57Z INFO CommandSettings] Flag 'check': 'False'
[2025-04-30 08:30:57Z INFO CommandSettings] Command 'configure': 'True'
[2025-04-30 08:30:57Z INFO Terminal] WRITE LINE: 
[2025-04-30 08:30:57Z INFO Terminal] WRITE LINE: --------------------------------------------------------------------------------
[2025-04-30 08:30:57Z INFO Terminal] WRITE LINE: |        ____ _ _   _   _       _          _        _   _                      |
[2025-04-30 08:30:57Z INFO Terminal] WRITE LINE: |       / ___(_) |_| | | |_   _| |__      / \   ___| |_(_) ___  _ __  ___      |
[2025-04-30 08:30:57Z INFO Terminal] WRITE LINE: |      | |  _| | __| |_| | | | | '_ \    / _ \ / __| __| |/ _ \| '_ \/ __|     |
[2025-04-30 08:30:57Z INFO Terminal] WRITE LINE: |      | |_| | | |_|  _  | |_| | |_) |  / ___ \ (__| |_| | (_) | | | \__ \     |
[2025-04-30 08:30:57Z INFO Terminal] WRITE LINE: |       \____|_|\__|_| |_|\__,_|_.__/  /_/   \_\___|\__|_|\___/|_| |_|___/     |
[2025-04-30 08:30:57Z INFO Terminal] WRITE LINE: |                                                                              |
[2025-04-30 08:30:57Z INFO Terminal] WRITE: |                       
[2025-04-30 08:30:57Z INFO Terminal] WRITE: Self-hosted runner registration
[2025-04-30 08:30:57Z INFO Terminal] WRITE LINE:                         |
[2025-04-30 08:30:57Z INFO Terminal] WRITE LINE: |                                                                              |
[2025-04-30 08:30:57Z INFO Terminal] WRITE LINE: --------------------------------------------------------------------------------
[2025-04-30 08:30:57Z INFO ConfigurationManager] ConfigureAsync
[2025-04-30 08:30:57Z INFO CommandSettings] Flag 'generateServiceConfig': 'False'
[2025-04-30 08:30:57Z INFO ConfigurationStore] IsConfigured()
[2025-04-30 08:30:57Z INFO ConfigurationStore] IsConfigured: False
[2025-04-30 08:30:57Z INFO ConfigurationManager] Is configured: False
[2025-04-30 08:30:57Z INFO CommandSettings] Arg 'url': 'https://github.com/OmkarSharan/springboot_CICD_pipeline'
[2025-04-30 08:30:57Z INFO CommandSettings] Remove url from Arg dictionary.
[2025-04-30 08:30:57Z INFO CommandSettings] Arg 'token': '***'
[2025-04-30 08:30:57Z INFO CommandSettings] Remove token from Arg dictionary.
[2025-04-30 08:31:06Z INFO ConfigurationManager] Http response code: OK from 'POST https://api.github.com/actions/runner-registration' (2DFE:2F5B35:778183:931BDD:6811DFC9)
[2025-04-30 08:31:06Z INFO ConfigurationManager] Using V2 flow: False
[2025-04-30 08:31:06Z INFO ConfigurationManager] cred retrieved via GitHub auth
[2025-04-30 08:31:06Z INFO RunnerServer] EstablishVssConnection
[2025-04-30 08:31:06Z INFO RunnerServer] Establish connection with 100 seconds timeout.
[2025-04-30 08:31:07Z INFO GitHubActionsService] Starting operation Location.GetConnectionData
[2025-04-30 08:31:07Z INFO RunnerServer] EstablishVssConnection
[2025-04-30 08:31:07Z INFO RunnerServer] Establish connection with 60 seconds timeout.
[2025-04-30 08:31:07Z INFO GitHubActionsService] Starting operation Location.GetConnectionData
[2025-04-30 08:31:07Z INFO RunnerServer] EstablishVssConnection
[2025-04-30 08:31:07Z INFO RunnerServer] Establish connection with 60 seconds timeout.
[2025-04-30 08:31:07Z INFO GitHubActionsService] Starting operation Location.GetConnectionData
[2025-04-30 08:31:08Z INFO GitHubActionsService] Finished operation Location.GetConnectionData
[2025-04-30 08:31:08Z INFO GitHubActionsService] Finished operation Location.GetConnectionData
[2025-04-30 08:31:08Z INFO GitHubActionsService] Finished operation Location.GetConnectionData
[2025-04-30 08:31:08Z INFO Terminal] WRITE LINE: 
[2025-04-30 08:31:08Z INFO ConfigurationManager] Test Connection complete.
[2025-04-30 08:31:08Z INFO HostContext] Well known directory 'Bin': '/Users/in46038695/Desktop/demo/actions-runner/bin'
[2025-04-30 08:31:08Z INFO HostContext] Well known directory 'Root': '/Users/in46038695/Desktop/demo/actions-runner'
[2025-04-30 08:31:08Z INFO HostContext] Well known config file 'RSACredentials': '/Users/in46038695/Desktop/demo/actions-runner/.credentials_rsaparams'
[2025-04-30 08:31:08Z INFO RSAFileKeyManager] Creating new RSA key using 2048-bit key length
[2025-04-30 08:31:08Z INFO RSAFileKeyManager] Successfully saved RSA key parameters to file /Users/in46038695/Desktop/demo/actions-runner/.credentials_rsaparams
[2025-04-30 08:31:08Z INFO RSAFileKeyManager] Which2: 'chmod'
[2025-04-30 08:31:08Z INFO RSAFileKeyManager] Location: '/bin/chmod'
[2025-04-30 08:31:09Z INFO HostContext] Well known directory 'Bin': '/Users/in46038695/Desktop/demo/actions-runner/bin'
[2025-04-30 08:31:09Z INFO HostContext] Well known directory 'Root': '/Users/in46038695/Desktop/demo/actions-runner'
[2025-04-30 08:31:09Z INFO ProcessInvokerWrapper] Starting process:
[2025-04-30 08:31:09Z INFO ProcessInvokerWrapper]   File name: '/bin/chmod'
[2025-04-30 08:31:09Z INFO ProcessInvokerWrapper]   Arguments: '600 /Users/in46038695/Desktop/demo/actions-runner/.credentials_rsaparams'
[2025-04-30 08:31:09Z INFO ProcessInvokerWrapper]   Working directory: '/Users/in46038695/Desktop/demo/actions-runner'
[2025-04-30 08:31:09Z INFO ProcessInvokerWrapper]   Require exit code zero: 'False'
[2025-04-30 08:31:09Z INFO ProcessInvokerWrapper]   Encoding web name:  ; code page: ''
[2025-04-30 08:31:09Z INFO ProcessInvokerWrapper]   Force kill process on cancellation: 'False'
[2025-04-30 08:31:09Z INFO ProcessInvokerWrapper]   Redirected STDIN: 'False'
[2025-04-30 08:31:09Z INFO ProcessInvokerWrapper]   Persist current code page: 'False'
[2025-04-30 08:31:09Z INFO ProcessInvokerWrapper]   Keep redirected STDIN open: 'False'
[2025-04-30 08:31:09Z INFO ProcessInvokerWrapper]   High priority process: 'False'
[2025-04-30 08:31:09Z INFO ProcessInvokerWrapper] Process started with process id 28797, waiting for process exit.
[2025-04-30 08:31:09Z INFO ProcessInvokerWrapper] STDOUT/STDERR stream read finished.
[2025-04-30 08:31:09Z INFO ProcessInvokerWrapper] STDOUT/STDERR stream read finished.
[2025-04-30 08:31:09Z INFO ProcessInvokerWrapper] Finished process 28797 with exit code 0, and elapsed time 00:00:00.3875687.
[2025-04-30 08:31:09Z INFO RSAFileKeyManager] Successfully set permissions for RSA key parameters file /Users/in46038695/Desktop/demo/actions-runner/.credentials_rsaparams
[2025-04-30 08:31:09Z INFO CommandSettings] Arg 'runnergroup': ''
[2025-04-30 08:31:09Z INFO CommandSettings] Flag 'unattended': 'False'
[2025-04-30 08:31:09Z INFO PromptManager] ReadValue
[2025-04-30 08:31:09Z INFO Terminal] WRITE: Enter the name of the runner group to add this runner to: 
[2025-04-30 08:31:09Z INFO Terminal] WRITE: [press Enter for Default] 
[2025-04-30 08:31:09Z INFO Terminal] READ LINE
[2025-04-30 08:32:08Z INFO Terminal] Read value: ''
[2025-04-30 08:32:08Z INFO PromptManager] Falling back to the default: 'Default'
[2025-04-30 08:32:08Z INFO Terminal] WRITE LINE: 
[2025-04-30 08:32:08Z INFO ConfigurationManager] Found a self-hosted runner group with id 1 and name Default
[2025-04-30 08:32:08Z INFO CommandSettings] Flag 'disableupdate': 'False'
[2025-04-30 08:32:08Z INFO CommandSettings] Flag 'ephemeral': 'False'
[2025-04-30 08:32:08Z INFO CommandSettings] Arg 'name': ''
[2025-04-30 08:32:08Z INFO CommandSettings] Flag 'unattended': 'False'
[2025-04-30 08:32:08Z INFO PromptManager] ReadValue
[2025-04-30 08:32:08Z INFO Terminal] WRITE: Enter the name of runner: 
[2025-04-30 08:32:08Z INFO Terminal] WRITE: [press Enter for INMLYD94JX6J] 
[2025-04-30 08:32:08Z INFO Terminal] READ LINE
[2025-04-30 08:32:31Z INFO Terminal] Read value: 'CICDPipeLineRunner'
[2025-04-30 08:32:31Z INFO Terminal] WRITE LINE: 
[2025-04-30 08:32:31Z INFO CommandSettings] Arg 'labels': ''
[2025-04-30 08:32:31Z INFO CommandSettings] Flag 'unattended': 'False'
[2025-04-30 08:32:31Z INFO PromptManager] ReadValue
[2025-04-30 08:32:31Z INFO Terminal] WRITE: This runner will have the following labels: 'self-hosted', 'macOS', 'X64' 
Enter any additional labels (ex. label-1,label-2): 
[2025-04-30 08:32:31Z INFO Terminal] WRITE: [press Enter to skip] 
[2025-04-30 08:32:31Z INFO Terminal] READ LINE
[2025-04-30 08:32:49Z INFO Terminal] Read value: 'label-1'
[2025-04-30 08:32:49Z INFO Terminal] WRITE LINE: 
[2025-04-30 08:32:50Z INFO CommandSettings] Flag 'disableupdate': 'False'
[2025-04-30 08:32:50Z INFO CommandSettings] Flag 'no-default-labels': 'False'
[2025-04-30 08:32:51Z INFO CommandSettings] Flag 'disableupdate': 'False'
[2025-04-30 08:32:51Z INFO CommandSettings] Flag 'ephemeral': 'False'
[2025-04-30 08:32:51Z INFO ConfigurationStore] Saving OAuth credential @ /Users/in46038695/Desktop/demo/actions-runner/.credentials
[2025-04-30 08:32:51Z INFO ConfigurationStore] Credentials Saved.
[2025-04-30 08:32:51Z INFO ConfigurationStore] HasCredentials()
[2025-04-30 08:32:51Z INFO ConfigurationStore] stored True
[2025-04-30 08:32:51Z INFO CredentialManager] GetCredentialProvider
[2025-04-30 08:32:51Z INFO CredentialManager] Creating type OAuth
[2025-04-30 08:32:51Z INFO CredentialManager] Creating credential type: OAuth
[2025-04-30 08:32:51Z INFO RSAFileKeyManager] Loading RSA key parameters from file /Users/in46038695/Desktop/demo/actions-runner/.credentials_rsaparams
[2025-04-30 08:32:51Z INFO RunnerServer] EstablishVssConnection
[2025-04-30 08:32:51Z INFO RunnerServer] Establish connection with 100 seconds timeout.
[2025-04-30 08:32:51Z INFO GitHubActionsService] Starting operation Location.GetConnectionData
[2025-04-30 08:32:51Z INFO RunnerServer] EstablishVssConnection
[2025-04-30 08:32:51Z INFO RunnerServer] Establish connection with 60 seconds timeout.
[2025-04-30 08:32:51Z INFO GitHubActionsService] Starting operation Location.GetConnectionData
[2025-04-30 08:32:51Z INFO RunnerServer] EstablishVssConnection
[2025-04-30 08:32:51Z INFO RunnerServer] Establish connection with 60 seconds timeout.
[2025-04-30 08:32:51Z INFO GitHubActionsService] Starting operation Location.GetConnectionData
[2025-04-30 08:32:52Z INFO GitHubActionsService] Finished operation Location.GetConnectionData
[2025-04-30 08:32:52Z INFO GitHubActionsService] Finished operation Location.GetConnectionData
[2025-04-30 08:32:52Z INFO GitHubActionsService] Finished operation Location.GetConnectionData
[2025-04-30 08:32:53Z INFO RSAFileKeyManager] Loading RSA key parameters from file /Users/in46038695/Desktop/demo/actions-runner/.credentials_rsaparams
[2025-04-30 08:32:53Z INFO RSAFileKeyManager] Loading RSA key parameters from file /Users/in46038695/Desktop/demo/actions-runner/.credentials_rsaparams
[2025-04-30 08:32:54Z INFO GitHubActionsService] AAD Correlation ID for this token request: Unknown
[2025-04-30 08:32:54Z INFO CommandSettings] Arg 'work': ''
[2025-04-30 08:32:54Z INFO CommandSettings] Flag 'unattended': 'False'
[2025-04-30 08:32:54Z INFO PromptManager] ReadValue
[2025-04-30 08:32:54Z INFO Terminal] WRITE: Enter name of work folder: 
[2025-04-30 08:32:54Z INFO Terminal] WRITE: [press Enter for _work] 
[2025-04-30 08:32:54Z INFO Terminal] READ LINE
[2025-04-30 08:33:21Z INFO Terminal] Read value: 'cicdWorkFlow'
[2025-04-30 08:33:21Z INFO ConfigurationStore] Saving runner settings.
[2025-04-30 08:33:21Z INFO ConfigurationStore] Settings Saved.
[2025-04-30 08:33:21Z INFO Terminal] WRITE LINE: 
[2025-04-30 08:33:21Z INFO Terminal] WRITE LINE: 
[2025-04-30 08:33:21Z INFO OsxServiceControlManager] Service name 'actions.runner.OmkarSharan-springboot_CICD_pipeline.CICDPipeLineRunner' display name 'GitHub Actions Runner (OmkarSharan-springboot_CICD_pipeline.CICDPipeLineRunner)' will be used for service configuration.
[2025-04-30 08:33:21Z INFO HostContext] Well known directory 'Bin': '/Users/in46038695/Desktop/demo/actions-runner/bin'
[2025-04-30 08:33:21Z INFO HostContext] Well known directory 'Root': '/Users/in46038695/Desktop/demo/actions-runner'
[2025-04-30 08:33:21Z INFO HostContext] Well known directory 'Bin': '/Users/in46038695/Desktop/demo/actions-runner/bin'
[2025-04-30 08:33:21Z INFO HostContext] Well known directory 'Bin': '/Users/in46038695/Desktop/demo/actions-runner/bin'
[2025-04-30 08:33:21Z INFO HostContext] Well known directory 'Root': '/Users/in46038695/Desktop/demo/actions-runner'
[2025-04-30 08:33:21Z INFO UnixUtil] Which2: 'chmod'
[2025-04-30 08:33:21Z INFO UnixUtil] Location: '/bin/chmod'
[2025-04-30 08:33:21Z INFO UnixUtil] Running /bin/chmod 755 "/Users/in46038695/Desktop/demo/actions-runner/svc.sh"
[2025-04-30 08:33:21Z INFO ProcessInvokerWrapper] Starting process:
[2025-04-30 08:33:21Z INFO ProcessInvokerWrapper]   File name: '/bin/chmod'
[2025-04-30 08:33:21Z INFO ProcessInvokerWrapper]   Arguments: '755 "/Users/in46038695/Desktop/demo/actions-runner/svc.sh"'
[2025-04-30 08:33:21Z INFO ProcessInvokerWrapper]   Working directory: '/Users/in46038695/Desktop/demo/actions-runner'
[2025-04-30 08:33:21Z INFO ProcessInvokerWrapper]   Require exit code zero: 'True'
[2025-04-30 08:33:21Z INFO ProcessInvokerWrapper]   Encoding web name:  ; code page: ''
[2025-04-30 08:33:21Z INFO ProcessInvokerWrapper]   Force kill process on cancellation: 'False'
[2025-04-30 08:33:21Z INFO ProcessInvokerWrapper]   Redirected STDIN: 'False'
[2025-04-30 08:33:21Z INFO ProcessInvokerWrapper]   Persist current code page: 'False'
[2025-04-30 08:33:21Z INFO ProcessInvokerWrapper]   Keep redirected STDIN open: 'False'
[2025-04-30 08:33:21Z INFO ProcessInvokerWrapper]   High priority process: 'False'
[2025-04-30 08:33:21Z INFO ProcessInvokerWrapper] Process started with process id 28836, waiting for process exit.
[2025-04-30 08:33:21Z INFO ProcessInvokerWrapper] STDOUT/STDERR stream read finished.
[2025-04-30 08:33:21Z INFO ProcessInvokerWrapper] STDOUT/STDERR stream read finished.
[2025-04-30 08:33:21Z INFO ProcessInvokerWrapper] Finished process 28836 with exit code 0, and elapsed time 00:00:00.0264431.
[2025-04-30 08:33:21Z INFO Listener] Runner execution has finished with return code 0
